<?xml version="1.0" encoding="UTF-8"?>
<!-- Generated by org.testng.reporters.JUnitReportReporter -->
<testsuite hostname="DEMONISEDDEVICE" failures="0" tests="1" name="nactet.TestPage" time="9.979" errors="0" timestamp="2023-07-31T12:36:10 IST" skipped="0">
  <testcase classname="nactet.TestPage" name="testup" time="9.979"/>
  <system-out/>
</testsuite> <!-- nactet.TestPage -->
